2021-06-22 14:42:25,874 INFO org.springframework.boot.StartupInfoLogger [restartedMain] Starting App using Java 11.0.10 on IoT-Station with PID 172533 (/media/iot/WorkSpace/Code/Java/springboot-test-examples/auto-rest-docs/target/classes started by iot in /media/iot/WorkSpace/Code/Java/springboot-test-examples)
2021-06-22 14:42:25,875 DEBUG org.springframework.boot.StartupInfoLogger [restartedMain] Running with Spring Boot v2.5.1, Spring v5.3.8
2021-06-22 14:42:25,875 INFO org.springframework.boot.SpringApplication [restartedMain] No active profile set, falling back to default profiles: default
2021-06-22 14:42:25,898 INFO org.springframework.boot.logging.DeferredLog [restartedMain] Devtools property defaults active! Set 'spring.devtools.add-properties' to 'false' to disable
2021-06-22 14:42:25,898 INFO org.springframework.boot.logging.DeferredLog [restartedMain] For additional web related logging consider setting the 'logging.level.web' property to 'DEBUG'
2021-06-22 14:42:26,298 INFO org.springframework.boot.web.embedded.tomcat.TomcatWebServer [restartedMain] Tomcat initialized with port(s): 8080 (http)
2021-06-22 14:42:26,303 INFO org.apache.juli.logging.DirectJDKLog [restartedMain] Initializing ProtocolHandler ["http-nio-8080"]
2021-06-22 14:42:26,303 INFO org.apache.juli.logging.DirectJDKLog [restartedMain] Starting service [Tomcat]
2021-06-22 14:42:26,303 INFO org.apache.juli.logging.DirectJDKLog [restartedMain] Starting Servlet engine: [Apache Tomcat/9.0.46]
2021-06-22 14:42:26,324 INFO org.apache.juli.logging.DirectJDKLog [restartedMain] Initializing Spring embedded WebApplicationContext
2021-06-22 14:42:26,325 INFO org.springframework.boot.web.servlet.context.ServletWebServerApplicationContext [restartedMain] Root WebApplicationContext: initialization completed in 425 ms
2021-06-22 14:42:26,507 INFO org.springframework.boot.devtools.autoconfigure.OptionalLiveReloadServer [restartedMain] LiveReload server is running on port 35729
2021-06-22 14:42:26,515 INFO org.apache.juli.logging.DirectJDKLog [restartedMain] Starting ProtocolHandler ["http-nio-8080"]
2021-06-22 14:42:26,522 INFO org.springframework.boot.web.embedded.tomcat.TomcatWebServer [restartedMain] Tomcat started on port(s): 8080 (http) with context path ''
2021-06-22 14:42:26,528 INFO org.springframework.boot.StartupInfoLogger [restartedMain] Started App in 0.823 seconds (JVM running for 1.192)
2021-06-22 14:43:22,899 INFO org.apache.juli.logging.DirectJDKLog [http-nio-8080-exec-1] Initializing Spring DispatcherServlet 'dispatcherServlet'
2021-06-22 14:43:22,900 INFO org.springframework.web.servlet.FrameworkServlet [http-nio-8080-exec-1] Initializing Servlet 'dispatcherServlet'
2021-06-22 14:43:22,900 INFO org.springframework.web.servlet.FrameworkServlet [http-nio-8080-exec-1] Completed initialization in 0 ms
2021-06-22 14:43:23,017 INFO org.springframework.boot.StartupInfoLogger [restartedMain] Starting App using Java 11.0.10 on IoT-Station with PID 172533 (/media/iot/WorkSpace/Code/Java/springboot-test-examples/auto-rest-docs/target/classes started by iot in /media/iot/WorkSpace/Code/Java/springboot-test-examples)
2021-06-22 14:43:23,018 DEBUG org.springframework.boot.StartupInfoLogger [restartedMain] Running with Spring Boot v2.5.1, Spring v5.3.8
2021-06-22 14:43:23,018 INFO org.springframework.boot.SpringApplication [restartedMain] No active profile set, falling back to default profiles: default
2021-06-22 14:43:23,156 INFO org.springframework.boot.web.embedded.tomcat.TomcatWebServer [restartedMain] Tomcat initialized with port(s): 8080 (http)
2021-06-22 14:43:23,156 INFO org.apache.juli.logging.DirectJDKLog [restartedMain] Initializing ProtocolHandler ["http-nio-8080"]
2021-06-22 14:43:23,157 INFO org.apache.juli.logging.DirectJDKLog [restartedMain] Starting service [Tomcat]
2021-06-22 14:43:23,157 INFO org.apache.juli.logging.DirectJDKLog [restartedMain] Starting Servlet engine: [Apache Tomcat/9.0.46]
2021-06-22 14:43:23,162 INFO org.apache.juli.logging.DirectJDKLog [restartedMain] Initializing Spring embedded WebApplicationContext
2021-06-22 14:43:23,163 INFO org.springframework.boot.web.servlet.context.ServletWebServerApplicationContext [restartedMain] Root WebApplicationContext: initialization completed in 143 ms
2021-06-22 14:43:23,228 INFO org.springframework.boot.devtools.autoconfigure.OptionalLiveReloadServer [restartedMain] LiveReload server is running on port 35729
2021-06-22 14:43:23,232 INFO org.apache.juli.logging.DirectJDKLog [restartedMain] Starting ProtocolHandler ["http-nio-8080"]
2021-06-22 14:43:23,233 INFO org.springframework.boot.web.embedded.tomcat.TomcatWebServer [restartedMain] Tomcat started on port(s): 8080 (http) with context path ''
2021-06-22 14:43:23,236 INFO org.springframework.boot.StartupInfoLogger [restartedMain] Started App in 0.243 seconds (JVM running for 57.9)
2021-06-22 14:43:23,237 INFO org.springframework.boot.devtools.autoconfigure.ConditionEvaluationDeltaLoggingListener [restartedMain] Condition evaluation unchanged
2021-06-22 14:43:39,982 INFO org.apache.juli.logging.DirectJDKLog [http-nio-8080-exec-1] Initializing Spring DispatcherServlet 'dispatcherServlet'
2021-06-22 14:43:39,983 INFO org.springframework.web.servlet.FrameworkServlet [http-nio-8080-exec-1] Initializing Servlet 'dispatcherServlet'
2021-06-22 14:43:39,985 INFO org.springframework.web.servlet.FrameworkServlet [http-nio-8080-exec-1] Completed initialization in 1 ms
2021-06-22 14:43:39,986 TRACE com.legend.auto.restdocs.LoggingController [http-nio-8080-exec-1] A TRACE Message
2021-06-22 14:43:39,987 DEBUG com.legend.auto.restdocs.LoggingController [http-nio-8080-exec-1] A DEBUG Message
2021-06-22 14:43:39,987 INFO com.legend.auto.restdocs.LoggingController [http-nio-8080-exec-1] An INFO Message
2021-06-22 14:43:39,987 WARN com.legend.auto.restdocs.LoggingController [http-nio-8080-exec-1] A WARN Message
2021-06-22 14:43:39,988 ERROR com.legend.auto.restdocs.LoggingController [http-nio-8080-exec-1] An ERROR Message
2021-06-22 14:43:44,740 TRACE com.legend.auto.restdocs.LoggingController [http-nio-8080-exec-2] A TRACE Message
2021-06-22 14:43:44,740 DEBUG com.legend.auto.restdocs.LoggingController [http-nio-8080-exec-2] A DEBUG Message
2021-06-22 14:43:44,740 INFO com.legend.auto.restdocs.LoggingController [http-nio-8080-exec-2] An INFO Message
2021-06-22 14:43:44,740 WARN com.legend.auto.restdocs.LoggingController [http-nio-8080-exec-2] A WARN Message
2021-06-22 14:43:44,740 ERROR com.legend.auto.restdocs.LoggingController [http-nio-8080-exec-2] An ERROR Message
2021-06-22 17:31:56,236 INFO org.springframework.boot.StartupInfoLogger [restartedMain] Starting RestDocsApplication using Java 11.0.10 on IoT-Station with PID 194863 (/media/iot/WorkSpace/Code/Java/springboot-test-examples/rest-docs/target/classes started by iot in /media/iot/WorkSpace/Code/Java/springboot-test-examples)
2021-06-22 17:31:56,237 DEBUG org.springframework.boot.StartupInfoLogger [restartedMain] Running with Spring Boot v2.5.1, Spring v5.3.8
2021-06-22 17:31:56,238 INFO org.springframework.boot.SpringApplication [restartedMain] No active profile set, falling back to default profiles: default
2021-06-22 17:31:56,264 INFO org.springframework.boot.logging.DeferredLog [restartedMain] Devtools property defaults active! Set 'spring.devtools.add-properties' to 'false' to disable
2021-06-22 17:31:56,264 INFO org.springframework.boot.logging.DeferredLog [restartedMain] For additional web related logging consider setting the 'logging.level.web' property to 'DEBUG'
2021-06-22 17:31:56,683 INFO org.springframework.boot.web.embedded.tomcat.TomcatWebServer [restartedMain] Tomcat initialized with port(s): 8080 (http)
2021-06-22 17:31:56,688 INFO org.apache.juli.logging.DirectJDKLog [restartedMain] Initializing ProtocolHandler ["http-nio-8080"]
2021-06-22 17:31:56,689 INFO org.apache.juli.logging.DirectJDKLog [restartedMain] Starting service [Tomcat]
2021-06-22 17:31:56,689 INFO org.apache.juli.logging.DirectJDKLog [restartedMain] Starting Servlet engine: [Apache Tomcat/9.0.46]
2021-06-22 17:31:56,721 INFO org.apache.juli.logging.DirectJDKLog [restartedMain] Initializing Spring embedded WebApplicationContext
2021-06-22 17:31:56,721 INFO org.springframework.boot.web.servlet.context.ServletWebServerApplicationContext [restartedMain] Root WebApplicationContext: initialization completed in 457 ms
2021-06-22 17:31:56,909 INFO org.springframework.boot.devtools.autoconfigure.OptionalLiveReloadServer [restartedMain] LiveReload server is running on port 35729
2021-06-22 17:31:56,916 INFO org.apache.juli.logging.DirectJDKLog [restartedMain] Starting ProtocolHandler ["http-nio-8080"]
2021-06-22 17:31:56,923 INFO org.springframework.boot.web.embedded.tomcat.TomcatWebServer [restartedMain] Tomcat started on port(s): 8080 (http) with context path ''
2021-06-22 17:31:56,930 INFO org.springframework.boot.StartupInfoLogger [restartedMain] Started RestDocsApplication in 0.853 seconds (JVM running for 1.212)
